" "
22.04.2019 16:03:55.14 === "==============================================="
22.04.2019 16:03:55.17 === "Changes from Windows"
22.04.2019 16:03:55.20 === "Command 'cd D:\Repositories\MyTetraTestData'"
22.04.2019 16:03:55.23 === "Command 'git diff'"
M	database.ini
M	mytetra.xml
22.04.2019 16:03:56.45 === "Command 'git add .'"
warning: LF will be replaced by CRLF in mytetra.xml.
The file will have its original line endings in your working directory.
warning: LF will be replaced by CRLF in sync/sync.log.
The file will have its original line endings in your working directory.
22.04.2019 16:03:56.75 === "Command 'git commit'"
[master b70e359] Changes from Windows - 22.04.2019 16:03:56.77
 6 files changed, 159 insertions(+), 2 deletions(-)
 create mode 100644 base/1555938078u3o3b2nzoo/image1555938045vvimkccc0p.png
 create mode 100644 base/1555938078u3o3b2nzoo/text.html
 create mode 100644 sync/sync.bat
 create mode 100644 sync/sync.log
warning: LF will be replaced by CRLF in sync/sync.log.
The file will have its original line endings in your working directory.
22.04.2019 16:03:56.92 === "Command 'git pull'"
Already up-to-date.
22.04.2019 16:03:58.51 === "Command 'git push'"
Fatal: HttpRequestException encountered.
   Произошла ошибка при отправке запроса.
bash: /dev/tty: No such device or address
error: failed to execute prompt script (exit code 1)
fatal: could not read Username for 'https://github.com': Invalid argument
22.04.2019 16:04:01.75 === D:\Repositories\MyTetraTestData
" "
23.04.2019  8:19:12.01 === "==============================================="
23.04.2019  8:19:12.01 === "Changes from Windows"
23.04.2019  8:19:12.01 === "Command 'cd D:/Repositories/MyTetraTestData'"
23.04.2019  8:19:12.02 === "Command 'git diff'"
M	mytetra.xml
M	sync/sync.log
23.04.2019  8:19:12.25 === "Command 'git add .'"
warning: LF will be replaced by CRLF in mytetra.xml.
The file will have its original line endings in your working directory.
warning: LF will be replaced by CRLF in sync/sync.log.
The file will have its original line endings in your working directory.
23.04.2019  8:19:12.43 === "Command 'git commit'"
[master a548cc2] Changes from Windows - 23.04.2019  8:19:12.43
 2 files changed, 31 insertions(+), 1 deletion(-)
warning: LF will be replaced by CRLF in sync/sync.log.
The file will have its original line endings in your working directory.
23.04.2019  8:19:12.64 === "Command 'git pull'"
Already up-to-date.
23.04.2019  8:19:13.75 === "Command 'git push'"
Fatal: HttpRequestException encountered.
   Произошла ошибка при отправке запроса.
bash: /dev/tty: No such device or address
error: failed to execute prompt script (exit code 1)
fatal: could not read Username for 'https://github.com': Invalid argument
23.04.2019  8:19:15.37 === D:/Repositories/MyTetraTestData
" "
23.04.2019  8:21:29.05 === "==============================================="
23.04.2019  8:21:29.05 === "Changes from Windows"
23.04.2019  8:21:29.05 === "Command 'cd D:/Repositories/MyTetraTestData'"
23.04.2019  8:21:29.05 === "Command 'git diff'"
M	sync/sync.log
23.04.2019  8:21:29.10 === "Command 'git add .'"
warning: LF will be replaced by CRLF in sync/sync.log.
The file will have its original line endings in your working directory.
23.04.2019  8:21:29.19 === "Command 'git commit'"
[master c92c1d8] Changes from Windows - 23.04.2019  8:21:29.19
 1 file changed, 23 insertions(+)
warning: LF will be replaced by CRLF in sync/sync.log.
The file will have its original line endings in your working directory.
23.04.2019  8:21:29.25 === "Command 'git pull'"
Already up-to-date.
23.04.2019  8:21:30.29 === "Command 'git push'"
Fatal: HttpRequestException encountered.
   Произошла ошибка при отправке запроса.
To https://github.com/gee12/MyTetraTestData.git
   a548cc2..c92c1d8  master -> master
23.04.2019  8:21:35.02 === D:/Repositories/MyTetraTestData
" "
23.04.2019  8:22:14.21 === "==============================================="
23.04.2019  8:22:14.22 === "Changes from Windows"
23.04.2019  8:22:14.22 === "Command 'cd D:/Repositories/MyTetraTestData'"
23.04.2019  8:22:14.22 === "Command 'git diff'"
M	sync/sync.log
23.04.2019  8:22:14.26 === "Command 'git add .'"
warning: LF will be replaced by CRLF in sync/sync.log.
The file will have its original line endings in your working directory.
23.04.2019  8:22:14.33 === "Command 'git commit'"
